<?xml version="1.0" encoding="UTF-8"?>
<!-- Generated by org.testng.reporters.JUnitReportReporter -->
<testsuite hostname="Hank" failures="0" tests="14" name="lms.runner.TestRunner" time="9.055" errors="0" timestamp="2024-04-01T22:44:37 PDT" skipped="0">
  <testcase classname="lms.runner.TestRunner" name="runScenario" time="0.500"/>
  <testcase classname="lms.runner.TestRunner" name="runScenario" time="0.480"/>
  <testcase classname="lms.runner.TestRunner" name="runScenario" time="0.460"/>
  <testcase classname="lms.runner.TestRunner" name="runScenario" time="1.988"/>
  <testcase classname="lms.runner.TestRunner" name="runScenario" time="0.438"/>
  <testcase classname="lms.runner.TestRunner" name="runScenario" time="0.470"/>
  <testcase classname="lms.runner.TestRunner" name="runScenario" time="0.438"/>
  <testcase classname="lms.runner.TestRunner" name="runScenario" time="0.487"/>
  <testcase classname="lms.runner.TestRunner" name="runScenario" time="0.475"/>
  <testcase classname="lms.runner.TestRunner" name="runScenario" time="1.229"/>
  <testcase classname="lms.runner.TestRunner" name="runScenario" time="0.511"/>
  <testcase classname="lms.runner.TestRunner" name="runScenario" time="0.477"/>
  <testcase classname="lms.runner.TestRunner" name="runScenario" time="0.629"/>
  <testcase classname="lms.runner.TestRunner" name="runScenario" time="0.473"/>
</testsuite> <!-- lms.runner.TestRunner -->
