<?xml version="1.0" encoding="UTF-8"?>
<!-- Generated by org.testng.reporters.JUnitReportReporter -->
<testsuite hostname="Sherin" failures="0" tests="1" name="lms.tests.ProgramTests" time="3.528" errors="0" timestamp="2024-03-30T09:39:48 PDT" skipped="0">
  <testcase classname="lms.tests.ProgramTests" name="testPathParam" time="3.528"/>
</testsuite> <!-- lms.tests.ProgramTests -->
