<?xml version="1.0" encoding="UTF-8"?>
<!-- Generated by org.testng.reporters.JUnitReportReporter -->
<testsuite hostname="Sherin" failures="0" tests="41" name="lms.runner.TestRunner" time="40.313" errors="0" timestamp="2024-04-01T12:43:15 PDT" skipped="0">
  <testcase classname="lms.runner.TestRunner" name="runScenario" time="0.857"/>
  <testcase classname="lms.runner.TestRunner" name="runScenario" time="0.914"/>
  <testcase classname="lms.runner.TestRunner" name="runScenario" time="0.885"/>
  <testcase classname="lms.runner.TestRunner" name="runScenario" time="1.013"/>
  <testcase classname="lms.runner.TestRunner" name="runScenario" time="1.206"/>
  <testcase classname="lms.runner.TestRunner" name="runScenario" time="0.827"/>
  <testcase classname="lms.runner.TestRunner" name="runScenario" time="0.926"/>
  <testcase classname="lms.runner.TestRunner" name="runScenario" time="0.825"/>
  <testcase classname="lms.runner.TestRunner" name="runScenario" time="0.891"/>
  <testcase classname="lms.runner.TestRunner" name="runScenario" time="0.856"/>
  <testcase classname="lms.runner.TestRunner" name="runScenario" time="0.933"/>
  <testcase classname="lms.runner.TestRunner" name="runScenario" time="0.987"/>
  <testcase classname="lms.runner.TestRunner" name="runScenario" time="0.848"/>
  <testcase classname="lms.runner.TestRunner" name="runScenario" time="0.806"/>
  <testcase classname="lms.runner.TestRunner" name="runScenario" time="0.861"/>
  <testcase classname="lms.runner.TestRunner" name="runScenario" time="0.969"/>
  <testcase classname="lms.runner.TestRunner" name="runScenario" time="0.987"/>
  <testcase classname="lms.runner.TestRunner" name="runScenario" time="0.827"/>
  <testcase classname="lms.runner.TestRunner" name="runScenario" time="1.357"/>
  <testcase classname="lms.runner.TestRunner" name="runScenario" time="0.896"/>
  <testcase classname="lms.runner.TestRunner" name="runScenario" time="0.839"/>
  <testcase classname="lms.runner.TestRunner" name="runScenario" time="0.825"/>
  <testcase classname="lms.runner.TestRunner" name="runScenario" time="3.481"/>
  <testcase classname="lms.runner.TestRunner" name="runScenario" time="0.872"/>
  <testcase classname="lms.runner.TestRunner" name="runScenario" time="0.894"/>
  <testcase classname="lms.runner.TestRunner" name="runScenario" time="0.830"/>
  <testcase classname="lms.runner.TestRunner" name="runScenario" time="0.864"/>
  <testcase classname="lms.runner.TestRunner" name="runScenario" time="0.903"/>
  <testcase classname="lms.runner.TestRunner" name="runScenario" time="1.405"/>
  <testcase classname="lms.runner.TestRunner" name="runScenario" time="0.846"/>
  <testcase classname="lms.runner.TestRunner" name="runScenario" time="0.880"/>
  <testcase classname="lms.runner.TestRunner" name="runScenario" time="0.865"/>
  <testcase classname="lms.runner.TestRunner" name="runScenario" time="0.845"/>
  <testcase classname="lms.runner.TestRunner" name="runScenario" time="0.833"/>
  <testcase classname="lms.runner.TestRunner" name="runScenario" time="1.049"/>
  <testcase classname="lms.runner.TestRunner" name="runScenario" time="0.849"/>
  <testcase classname="lms.runner.TestRunner" name="runScenario" time="0.823"/>
  <testcase classname="lms.runner.TestRunner" name="runScenario" time="0.986"/>
  <testcase classname="lms.runner.TestRunner" name="runScenario" time="0.886"/>
  <testcase classname="lms.runner.TestRunner" name="runScenario" time="1.046"/>
  <testcase classname="lms.runner.TestRunner" name="runScenario" time="0.821"/>
</testsuite> <!-- lms.runner.TestRunner -->
