<?xml version="1.0" encoding="UTF-8"?>
<!-- Generated by org.testng.reporters.JUnitReportReporter -->
<testsuite hostname="DESKTOP-RGFUJQH" failures="0" tests="41" name="lms.runner.TestRunner" time="59.225" errors="0" timestamp="2024-04-01T13:07:39 PDT" skipped="0">
  <testcase classname="lms.runner.TestRunner" name="runScenario" time="1.251"/>
  <testcase classname="lms.runner.TestRunner" name="runScenario" time="1.267"/>
  <testcase classname="lms.runner.TestRunner" name="runScenario" time="1.284"/>
  <testcase classname="lms.runner.TestRunner" name="runScenario" time="1.371"/>
  <testcase classname="lms.runner.TestRunner" name="runScenario" time="1.238"/>
  <testcase classname="lms.runner.TestRunner" name="runScenario" time="1.679"/>
  <testcase classname="lms.runner.TestRunner" name="runScenario" time="1.141"/>
  <testcase classname="lms.runner.TestRunner" name="runScenario" time="1.804"/>
  <testcase classname="lms.runner.TestRunner" name="runScenario" time="1.448"/>
  <testcase classname="lms.runner.TestRunner" name="runScenario" time="1.193"/>
  <testcase classname="lms.runner.TestRunner" name="runScenario" time="1.132"/>
  <testcase classname="lms.runner.TestRunner" name="runScenario" time="7.217"/>
  <testcase classname="lms.runner.TestRunner" name="runScenario" time="1.134"/>
  <testcase classname="lms.runner.TestRunner" name="runScenario" time="1.353"/>
  <testcase classname="lms.runner.TestRunner" name="runScenario" time="1.336"/>
  <testcase classname="lms.runner.TestRunner" name="runScenario" time="1.174"/>
  <testcase classname="lms.runner.TestRunner" name="runScenario" time="1.261"/>
  <testcase classname="lms.runner.TestRunner" name="runScenario" time="1.161"/>
  <testcase classname="lms.runner.TestRunner" name="runScenario" time="1.187"/>
  <testcase classname="lms.runner.TestRunner" name="runScenario" time="1.280"/>
  <testcase classname="lms.runner.TestRunner" name="runScenario" time="1.186"/>
  <testcase classname="lms.runner.TestRunner" name="runScenario" time="1.155"/>
  <testcase classname="lms.runner.TestRunner" name="runScenario" time="1.248"/>
  <testcase classname="lms.runner.TestRunner" name="runScenario" time="1.223"/>
  <testcase classname="lms.runner.TestRunner" name="runScenario" time="1.404"/>
  <testcase classname="lms.runner.TestRunner" name="runScenario" time="1.212"/>
  <testcase classname="lms.runner.TestRunner" name="runScenario" time="1.210"/>
  <testcase classname="lms.runner.TestRunner" name="runScenario" time="1.301"/>
  <testcase classname="lms.runner.TestRunner" name="runScenario" time="1.231"/>
  <testcase classname="lms.runner.TestRunner" name="runScenario" time="1.308"/>
  <testcase classname="lms.runner.TestRunner" name="runScenario" time="1.156"/>
  <testcase classname="lms.runner.TestRunner" name="runScenario" time="1.601"/>
  <testcase classname="lms.runner.TestRunner" name="runScenario" time="1.222"/>
  <testcase classname="lms.runner.TestRunner" name="runScenario" time="1.151"/>
  <testcase classname="lms.runner.TestRunner" name="runScenario" time="1.548"/>
  <testcase classname="lms.runner.TestRunner" name="runScenario" time="1.741"/>
  <testcase classname="lms.runner.TestRunner" name="runScenario" time="1.282"/>
  <testcase classname="lms.runner.TestRunner" name="runScenario" time="1.207"/>
  <testcase classname="lms.runner.TestRunner" name="runScenario" time="1.138"/>
  <testcase classname="lms.runner.TestRunner" name="runScenario" time="1.466"/>
  <testcase classname="lms.runner.TestRunner" name="runScenario" time="1.324"/>
</testsuite> <!-- lms.runner.TestRunner -->
