<?xml version="1.0" encoding="UTF-8"?>
<!-- Generated by org.testng.reporters.JUnitReportReporter -->
<testsuite hostname="DESKTOP-RGFUJQH" failures="0" tests="27" name="lms.runner.TestRunner" time="69.330" errors="0" timestamp="2024-03-30T17:38:24 PDT" skipped="0">
  <testcase classname="lms.runner.TestRunner" name="runScenario" time="1.189"/>
  <testcase classname="lms.runner.TestRunner" name="runScenario" time="1.095"/>
  <testcase classname="lms.runner.TestRunner" name="runScenario" time="1.133"/>
  <testcase classname="lms.runner.TestRunner" name="runScenario" time="0.981"/>
  <testcase classname="lms.runner.TestRunner" name="runScenario" time="0.989"/>
  <testcase classname="lms.runner.TestRunner" name="runScenario" time="1.030"/>
  <testcase classname="lms.runner.TestRunner" name="runScenario" time="1.035"/>
  <testcase classname="lms.runner.TestRunner" name="runScenario" time="0.987"/>
  <testcase classname="lms.runner.TestRunner" name="runScenario" time="1.051"/>
  <testcase classname="lms.runner.TestRunner" name="runScenario" time="1.102"/>
  <testcase classname="lms.runner.TestRunner" name="runScenario" time="4.322"/>
  <testcase classname="lms.runner.TestRunner" name="runScenario" time="4.308"/>
  <testcase classname="lms.runner.TestRunner" name="runScenario" time="4.304"/>
  <testcase classname="lms.runner.TestRunner" name="runScenario" time="0.986"/>
  <testcase classname="lms.runner.TestRunner" name="runScenario" time="1.006"/>
  <testcase classname="lms.runner.TestRunner" name="runScenario" time="0.984"/>
  <testcase classname="lms.runner.TestRunner" name="runScenario" time="0.979"/>
  <testcase classname="lms.runner.TestRunner" name="runScenario" time="1.022"/>
  <testcase classname="lms.runner.TestRunner" name="runScenario" time="1.011"/>
  <testcase classname="lms.runner.TestRunner" name="runScenario" time="17.690"/>
  <testcase classname="lms.runner.TestRunner" name="runScenario" time="1.032"/>
  <testcase classname="lms.runner.TestRunner" name="runScenario" time="1.124"/>
  <testcase classname="lms.runner.TestRunner" name="runScenario" time="1.064"/>
  <testcase classname="lms.runner.TestRunner" name="runScenario" time="1.027"/>
  <testcase classname="lms.runner.TestRunner" name="runScenario" time="1.024"/>
  <testcase classname="lms.runner.TestRunner" name="runScenario" time="4.427"/>
  <testcase classname="lms.runner.TestRunner" name="runScenario" time="12.428"/>
</testsuite> <!-- lms.runner.TestRunner -->
