<?xml version="1.0" encoding="UTF-8"?>
<!-- Generated by org.testng.reporters.JUnitReportReporter -->
<testsuite hostname="Sherin" failures="0" tests="41" name="lms.runner.TestRunner" time="39.241" errors="0" timestamp="2024-04-01T09:26:52 PDT" skipped="0">
  <testcase classname="lms.runner.TestRunner" name="runScenario" time="0.859"/>
  <testcase classname="lms.runner.TestRunner" name="runScenario" time="0.841"/>
  <testcase classname="lms.runner.TestRunner" name="runScenario" time="0.912"/>
  <testcase classname="lms.runner.TestRunner" name="runScenario" time="0.827"/>
  <testcase classname="lms.runner.TestRunner" name="runScenario" time="0.876"/>
  <testcase classname="lms.runner.TestRunner" name="runScenario" time="0.839"/>
  <testcase classname="lms.runner.TestRunner" name="runScenario" time="1.300"/>
  <testcase classname="lms.runner.TestRunner" name="runScenario" time="1.008"/>
  <testcase classname="lms.runner.TestRunner" name="runScenario" time="1.176"/>
  <testcase classname="lms.runner.TestRunner" name="runScenario" time="0.844"/>
  <testcase classname="lms.runner.TestRunner" name="runScenario" time="0.838"/>
  <testcase classname="lms.runner.TestRunner" name="runScenario" time="0.852"/>
  <testcase classname="lms.runner.TestRunner" name="runScenario" time="0.829"/>
  <testcase classname="lms.runner.TestRunner" name="runScenario" time="0.864"/>
  <testcase classname="lms.runner.TestRunner" name="runScenario" time="0.875"/>
  <testcase classname="lms.runner.TestRunner" name="runScenario" time="0.930"/>
  <testcase classname="lms.runner.TestRunner" name="runScenario" time="0.833"/>
  <testcase classname="lms.runner.TestRunner" name="runScenario" time="0.826"/>
  <testcase classname="lms.runner.TestRunner" name="runScenario" time="0.970"/>
  <testcase classname="lms.runner.TestRunner" name="runScenario" time="0.922"/>
  <testcase classname="lms.runner.TestRunner" name="runScenario" time="0.852"/>
  <testcase classname="lms.runner.TestRunner" name="runScenario" time="0.909"/>
  <testcase classname="lms.runner.TestRunner" name="runScenario" time="0.832"/>
  <testcase classname="lms.runner.TestRunner" name="runScenario" time="0.927"/>
  <testcase classname="lms.runner.TestRunner" name="runScenario" time="0.982"/>
  <testcase classname="lms.runner.TestRunner" name="runScenario" time="0.841"/>
  <testcase classname="lms.runner.TestRunner" name="runScenario" time="0.882"/>
  <testcase classname="lms.runner.TestRunner" name="runScenario" time="0.826"/>
  <testcase classname="lms.runner.TestRunner" name="runScenario" time="3.357"/>
  <testcase classname="lms.runner.TestRunner" name="runScenario" time="0.878"/>
  <testcase classname="lms.runner.TestRunner" name="runScenario" time="1.300"/>
  <testcase classname="lms.runner.TestRunner" name="runScenario" time="0.852"/>
  <testcase classname="lms.runner.TestRunner" name="runScenario" time="0.867"/>
  <testcase classname="lms.runner.TestRunner" name="runScenario" time="0.787"/>
  <testcase classname="lms.runner.TestRunner" name="runScenario" time="0.787"/>
  <testcase classname="lms.runner.TestRunner" name="runScenario" time="0.793"/>
  <testcase classname="lms.runner.TestRunner" name="runScenario" time="0.808"/>
  <testcase classname="lms.runner.TestRunner" name="runScenario" time="0.869"/>
  <testcase classname="lms.runner.TestRunner" name="runScenario" time="0.983"/>
  <testcase classname="lms.runner.TestRunner" name="runScenario" time="0.844"/>
  <testcase classname="lms.runner.TestRunner" name="runScenario" time="0.844"/>
</testsuite> <!-- lms.runner.TestRunner -->
